#
# There is insufficient memory for the Java Runtime Environment to continue.
# Native memory allocation (mmap) failed to map 130023424 bytes for G1 virtual space
# Possible reasons:
#   The system is out of physical RAM or swap space
#   The process is running with CompressedOops enabled, and the Java Heap may be blocking the growth of the native heap
# Possible solutions:
#   Reduce memory load on the system
#   Increase physical memory or swap space
#   Check if swap backing store is full
#   Decrease Java heap size (-Xmx/-Xms)
#   Decrease number of Java threads
#   Decrease Java thread stack sizes (-Xss)
#   Set larger code cache with -XX:ReservedCodeCacheSize=
#   JVM is running with Unscaled Compressed Oops mode in which the Java heap is
#     placed in the first 4GB address space. The Java Heap base address is the
#     maximum limit for the native heap growth. Please use -XX:HeapBaseMinAddress
#     to set the Java Heap base and to place the Java Heap above 4GB virtual address.
# This output file may be truncated or incomplete.
#
#  Out of Memory Error (os_windows.cpp:3825), pid=8772, tid=3784
#
# JRE version:  (17.0.9) (build )
# Java VM: OpenJDK 64-Bit Server VM (17.0.9+0--11185874, mixed mode, sharing, tiered, compressed oops, compressed class ptrs, g1 gc, windows-amd64)
# No core dump will be written. Minidumps are not enabled by default on client versions of Windows
#

---------------  S U M M A R Y ------------

Command Line: org.jetbrains.kotlin.cli.jvm.K2JVMCompiler @D:\A44756\uddd.1\app\build\20240401_8780995432759267861.compiler.options

Host: 12th Gen Intel(R) Core(TM) i3-12100T, 8 cores, 7G,  Windows 11 , 64 bit Build 22621 (10.0.22621.3374)
Time: Mon Apr  1 08:35:05 2024 SE Asia Standard Time elapsed time: 0.013322 seconds (0d 0h 0m 0s)

---------------  T H R E A D  ---------------

Current thread (0x00000220c19a2b40):  JavaThread "Unknown thread" [_thread_in_vm, id=3784, stack(0x000000759cf00000,0x000000759d000000)]

Stack: [0x000000759cf00000,0x000000759d000000]
Native frames: (J=compiled Java code, j=interpreted, Vv=VM code, C=native code)
V  [jvm.dll+0x6886e9]
V  [jvm.dll+0x841e4a]
V  [jvm.dll+0x843a8e]
V  [jvm.dll+0x8440f3]
V  [jvm.dll+0x24c14f]
V  [jvm.dll+0x685499]
V  [jvm.dll+0x679c2a]
V  [jvm.dll+0x30cf9b]
V  [jvm.dll+0x314446]
V  [jvm.dll+0x36425e]
V  [jvm.dll+0x36448f]
V  [jvm.dll+0x2e2d68]
V  [jvm.dll+0x2e3cd4]
V  [jvm.dll+0x8129f1]
V  [jvm.dll+0x3720c1]
V  [jvm.dll+0x7f152c]
V  [jvm.dll+0x3f5d4f]
V  [jvm.dll+0x3f7981]
C  [jli.dll+0x528f]
C  [ucrtbase.dll+0x29333]
C  [KERNEL32.DLL+0x1257d]
C  [ntdll.dll+0x5aa48]


---------------  P R O C E S S  ---------------

Threads class SMR info:
_java_thread_list=0x00007ffd3773ef18, length=0, elements={
}

Java Threads: ( => current thread )

Other Threads:
  0x00000220c19fc360 GCTaskThread "GC Thread#0" [stack: 0x000000759d000000,0x000000759d100000] [id=16504]
  0x00000220c1a0c870 ConcurrentGCThread "G1 Main Marker" [stack: 0x000000759d100000,0x000000759d200000] [id=16472]
  0x00000220c1a0d290 ConcurrentGCThread "G1 Conc#0" [stack: 0x000000759d200000,0x000000759d300000] [id=9648]

[error occurred during error reporting (printing all threads), id 0xc0000005, EXCEPTION_ACCESS_VIOLATION (0xc0000005) at pc=0x00007ffd36ef3937]

VM state: not at safepoint (not fully initialized)

VM Mutex/Monitor currently owned by a thread:  ([mutex/lock_event])
[0x00000220c199f150] Heap_lock - owner thread: 0x00000220c19a2b40

Heap address: 0x0000000085200000, size: 1966 MB, Compressed Oops mode: 32-bit

CDS archive(s) mapped at: [0x0000000000000000-0x0000000000000000-0x0000000000000000), size 0, SharedBaseAddress: 0x0000000800000000, ArchiveRelocationMode: 1.
Narrow klass base: 0x0000000000000000, Narrow klass shift: 0, Narrow klass range: 0x0

GC Precious Log:
<Empty>

Heap:
 garbage-first heap   total 0K, used 0K [0x0000000085200000, 0x0000000100000000)
  region size 1024K, 0 young (0K), 0 survivors (0K)
 Metaspace       used 0K, committed 0K, reserved 0K
  class space    used 0K, committed 0K, reserved 0K

Heap Regions: E=young(eden), S=young(survivor), O=old, HS=humongous(starts), HC=humongous(continues), CS=collection set, F=free, OA=open archive, CA=closed archive, TAMS=top-at-mark-start (previous, next)

Card table byte_map: [0x00000220d4570000,0x00000220d4950000] _byte_map_base: 0x00000220d4147000

Marking Bits (Prev, Next): (CMBitMap*) 0x00000220c19fc980, (CMBitMap*) 0x00000220c19fc9c0
 Prev Bits: [0x00000220d4d30000, 0x00000220d6be8000)
 Next Bits: [0x00000220d6bf0000, 0x00000220d8aa8000)

GC Heap History (0 events):
No events

Dll operation events (1 events):
Event: 0.007 Loaded shared library C:\Program Files\Android\Android Studio\jbr\bin\java.dll

Deoptimization events (0 events):
No events

Classes unloaded (0 events):
No events

Classes redefined (0 events):
No events

Internal exceptions (0 events):
No events

VM Operations (0 events):
No events

Events (0 events):
No events


Dynamic libraries:
0x00007ff724a10000 - 0x00007ff724a1a000 	C:\Program Files\Android\Android Studio\jbr\bin\java.exe
0x00007ffd82350000 - 0x00007ffd82566000 	C:\WINDOWS\SYSTEM32\ntdll.dll
0x00007ffd813b0000 - 0x00007ffd81474000 	C:\WINDOWS\System32\KERNEL32.DLL
0x00007ffd7f670000 - 0x00007ffd7fa17000 	C:\WINDOWS\System32\KERNELBASE.dll
0x00007ffd7c4e0000 - 0x00007ffd7c577000 	C:\WINDOWS\SYSTEM32\apphelp.dll
0x00007ffd7fc60000 - 0x00007ffd7fd71000 	C:\WINDOWS\System32\ucrtbase.dll
0x00007ffd77cf0000 - 0x00007ffd77d0b000 	C:\Program Files\Android\Android Studio\jbr\bin\VCRUNTIME140.dll
0x00007ffd76eb0000 - 0x00007ffd76ec7000 	C:\Program Files\Android\Android Studio\jbr\bin\jli.dll
0x00007ffd81ed0000 - 0x00007ffd8207e000 	C:\WINDOWS\System32\USER32.dll
0x00007ffd80050000 - 0x00007ffd80076000 	C:\WINDOWS\System32\win32u.dll
0x00007ffd547d0000 - 0x00007ffd54a63000 	C:\WINDOWS\WinSxS\amd64_microsoft.windows.common-controls_6595b64144ccf1df_6.0.22621.3235_none_270f74e173860f98\COMCTL32.dll
0x00007ffd81d40000 - 0x00007ffd81d69000 	C:\WINDOWS\System32\GDI32.dll
0x00007ffd81d70000 - 0x00007ffd81e17000 	C:\WINDOWS\System32\msvcrt.dll
0x00007ffd7fa50000 - 0x00007ffd7fb69000 	C:\WINDOWS\System32\gdi32full.dll
0x00007ffd7fd80000 - 0x00007ffd7fe1a000 	C:\WINDOWS\System32\msvcp_win.dll
0x00007ffd820e0000 - 0x00007ffd82111000 	C:\WINDOWS\System32\IMM32.DLL
0x000000005bd90000 - 0x000000005bd9c000 	C:\Program Files (x86)\360\Total Security\safemon\SafeWrapper.dll
0x00007ffd77ce0000 - 0x00007ffd77cec000 	C:\Program Files\Android\Android Studio\jbr\bin\vcruntime140_1.dll
0x00007ffd666f0000 - 0x00007ffd6677d000 	C:\Program Files\Android\Android Studio\jbr\bin\msvcp140.dll
0x00007ffd36c00000 - 0x00007ffd37883000 	C:\Program Files\Android\Android Studio\jbr\bin\server\jvm.dll
0x00007ffd81a20000 - 0x00007ffd81ad2000 	C:\WINDOWS\System32\ADVAPI32.dll
0x00007ffd81e20000 - 0x00007ffd81ec8000 	C:\WINDOWS\System32\sechost.dll
0x00007ffd7fa20000 - 0x00007ffd7fa48000 	C:\WINDOWS\System32\bcrypt.dll
0x00007ffd81110000 - 0x00007ffd81225000 	C:\WINDOWS\System32\RPCRT4.dll
0x00007ffd7f540000 - 0x00007ffd7f58d000 	C:\WINDOWS\SYSTEM32\POWRPROF.dll
0x00007ffd76e00000 - 0x00007ffd76e34000 	C:\WINDOWS\SYSTEM32\WINMM.dll
0x00007ffd4d790000 - 0x00007ffd4d799000 	C:\WINDOWS\SYSTEM32\WSOCK32.dll
0x00007ffd7f1e0000 - 0x00007ffd7f1ea000 	C:\WINDOWS\SYSTEM32\VERSION.dll
0x00007ffd81330000 - 0x00007ffd813a1000 	C:\WINDOWS\System32\WS2_32.dll
0x00007ffd7f520000 - 0x00007ffd7f533000 	C:\WINDOWS\SYSTEM32\UMPDC.dll
0x00007ffd7e650000 - 0x00007ffd7e668000 	C:\WINDOWS\SYSTEM32\kernel.appcore.dll
0x00007ffd7bd80000 - 0x00007ffd7bd8a000 	C:\Program Files\Android\Android Studio\jbr\bin\jimage.dll
0x00007ffd7d000000 - 0x00007ffd7d233000 	C:\WINDOWS\SYSTEM32\DBGHELP.DLL
0x00007ffd81690000 - 0x00007ffd81a18000 	C:\WINDOWS\System32\combase.dll
0x00007ffd80b70000 - 0x00007ffd80c47000 	C:\WINDOWS\System32\OLEAUT32.dll
0x00007ffd4e590000 - 0x00007ffd4e5c2000 	C:\WINDOWS\SYSTEM32\dbgcore.DLL
0x00007ffd7fbe0000 - 0x00007ffd7fc59000 	C:\WINDOWS\System32\bcryptPrimitives.dll
0x00007ffd7bd30000 - 0x00007ffd7bd55000 	C:\Program Files\Android\Android Studio\jbr\bin\java.dll

dbghelp: loaded successfully - version: 4.0.5 - missing functions: none
symbol engine: initialized successfully - sym options: 0x614 - pdb path: .;C:\Program Files\Android\Android Studio\jbr\bin;C:\WINDOWS\SYSTEM32;C:\WINDOWS\WinSxS\amd64_microsoft.windows.common-controls_6595b64144ccf1df_6.0.22621.3235_none_270f74e173860f98;C:\Program Files (x86)\360\Total Security\safemon;C:\Program Files\Android\Android Studio\jbr\bin\server

VM Arguments:
java_command: org.jetbrains.kotlin.cli.jvm.K2JVMCompiler @D:\A44756\uddd.1\app\build\20240401_8780995432759267861.compiler.options
java_class_path (initial): C:\Users\sv\.gradle\caches\modules-2\files-2.1\org.jetbrains.kotlin\kotlin-compiler-embeddable\1.9.0\2c8c3a7402becca891f12739b3e9fd2dc2adbd7a\kotlin-compiler-embeddable-1.9.0.jar;C:\Users\sv\.gradle\caches\modules-2\files-2.1\org.jetbrains.kotlin\kotlin-stdlib\1.9.0\8ee15ef0c67dc83d874f412d84378d7f0eb50b63\kotlin-stdlib-1.9.0.jar;C:\Users\sv\.gradle\caches\modules-2\files-2.1\org.jetbrains.kotlin\kotlin-script-runtime\1.9.0\4b3102cbbb7e1b58d9d1adf89563f00069ffa7d1\kotlin-script-runtime-1.9.0.jar;C:\Users\sv\.gradle\caches\modules-2\files-2.1\org.jetbrains.kotlin\kotlin-reflect\1.6.10\1cbe9c92c12a94eea200d23c2bbaedaf3daf5132\kotlin-reflect-1.6.10.jar;C:\Users\sv\.gradle\caches\modules-2\files-2.1\org.jetbrains.kotlin\kotlin-daemon-embeddable\1.9.0\186543f5e28cf8d9a0290fecc2cf34301c40a65c\kotlin-daemon-embeddable-1.9.0.jar;C:\Users\sv\.gradle\caches\modules-2\files-2.1\org.jetbrains.intellij.deps\trove4j\1.0.20200330\3afb14d5f9ceb459d724e907a21145e8ff394f02\trove4j-1.0.20200330.jar;C:\Users\sv\.gradle\caches\modules-2\files-2.1\org.jetbrains.kotlin\kotlin-stdlib-common\1.9.0\cd65c21cfd1eec4d44ef09f9f52b6d9f8a720636\kotlin-stdlib-common-1.9.0.jar;C:\Users\sv\.gradle\caches\modules-2\files-2.1\org.jetbrains\annotations\13.0\919f0dfe192fb4e063e7dacadee7f8bb9a2672a9\annotations-13.0.jar
Launcher Type: SUN_STANDARD

[Global flags]
     intx CICompilerCount                          = 4                                         {product} {ergonomic}
     uint ConcGCThreads                            = 2                                         {product} {ergonomic}
     uint G1ConcRefinementThreads                  = 8                                         {product} {ergonomic}
   size_t G1HeapRegionSize                         = 1048576                                   {product} {ergonomic}
    uintx GCDrainStackTargetSize                   = 64                                        {product} {ergonomic}
   size_t InitialHeapSize                          = 130023424                                 {product} {ergonomic}
   size_t MarkStackSize                            = 4194304                                   {product} {ergonomic}
   size_t MaxHeapSize                              = 2061500416                                {product} {ergonomic}
   size_t MinHeapDeltaBytes                        = 1048576                                   {product} {ergonomic}
   size_t MinHeapSize                              = 8388608                                   {product} {ergonomic}
    uintx NonNMethodCodeHeapSize                   = 5839372                                {pd product} {ergonomic}
    uintx NonProfiledCodeHeapSize                  = 122909434                              {pd product} {ergonomic}
    uintx ProfiledCodeHeapSize                     = 122909434                              {pd product} {ergonomic}
    uintx ReservedCodeCacheSize                    = 251658240                              {pd product} {ergonomic}
     bool SegmentedCodeCache                       = true                                      {product} {ergonomic}
   size_t SoftMaxHeapSize                          = 2061500416                             {manageable} {ergonomic}
     bool UseCompressedClassPointers               = true                           {product lp64_product} {ergonomic}
     bool UseCompressedOops                        = true                           {product lp64_product} {ergonomic}
     bool UseG1GC                                  = true                                      {product} {ergonomic}
     bool UseLargePagesIndividualAllocation        = false                                  {pd product} {ergonomic}

Logging:
Log output configuration:
 #0: stdout all=warning uptime,level,tags
 #1: stderr all=off uptime,level,tags

Environment Variables:
CLASSPATH=.;C:\Program Files (x86)\QuickTime\QTSystem\QTJava.zip
PATH=C:\Program Files\Common Files\Oracle\Java\javapath;C:\gurobi1001\win64\bin;C:\Program Files (x86)\Common Files\Oracle\Java\javapath;C:\WINDOWS\system32;C:\WINDOWS;C:\WINDOWS\System32\Wbem;C:\WINDOWS\System32\WindowsPowerShell\v1.0\;C:\WINDOWS\System32\OpenSSH\;C:\Program Files (x86)\QuickTime\QTSystem\;C:\Program Files (x86)\Windows Kits\8.1\Windows Performance Toolkit\;C:\Program Files (x86)\Microsoft SQL Server\120\DTS\Binn\;C:\Program Files (x86)\Microsoft SQL Server\Client SDK\ODBC\110\Tools\Binn\;C:\Program Files (x86)\Microsoft SQL Server\120\Tools\Binn\;C:\Program Files (x86)\Microsoft SQL Server\120\Tools\Binn\ManagementStudio\;C:\Program Files (x86)\Common Files\Propellerhead Software\ReWire\;C:\Program Files\Common Files\Propellerhead Software\ReWire\;C:\Program Files\PuTTY\;C:\Program Files (x86)\mingw-w64\i686-8.1.0-posix-dwarf-rt_v6-rev0\mingw32\bin;C:\Program Files (x86)\mingw-w64\i686-8.1.0-posix-dwarf-rt_v6-rev0\mingw32\i686-w64-mingw32\bin;C:\Program Files\SCIPOptSuite 8.0.2\bin;C:\Program Files\Java\jdk-17\bin;D:\Git\cmd;C:\Users\sv\AppData\Local\Microsoft\WindowsApps;;C:\Users\sv\AppData\Local\Programs\Microsoft VS Code\bin
USERNAME=sv
OS=Windows_NT
PROCESSOR_IDENTIFIER=Intel64 Family 6 Model 151 Stepping 5, GenuineIntel
TMP=C:\Users\sv\AppData\Local\Temp
TEMP=C:\Users\sv\AppData\Local\Temp



Periodic native trim disabled

JNI global refs:
JNI global refs: 0, weak refs: 0

JNI global refs memory usage: 0, weak refs: 0

OOME stack traces (most recent first):
Classloader memory used:


---------------  S Y S T E M  ---------------

OS:
 Windows 11 , 64 bit Build 22621 (10.0.22621.3374)
OS uptime: 0 days 1:20 hours

CPU: total 8 (initial active 8) (4 cores per cpu, 2 threads per core) family 6 model 151 stepping 5 microcode 0x34, cx8, cmov, fxsr, ht, mmx, 3dnowpref, sse, sse2, sse3, ssse3, sse4.1, sse4.2, popcnt, lzcnt, tsc, tscinvbit, avx, avx2, aes, erms, clmul, bmi1, bmi2, adx, sha, fma, vzeroupper, clflush, clflushopt, clwb
Processor Information for all 8 processors :
  Max Mhz: 2200, Current Mhz: 2200, Mhz Limit: 2200

Memory: 4k page, system-wide physical 7861M (373M free)
TotalPageFile size 15357M (AvailPageFile size 52M)
current process WorkingSet (physical memory assigned to process): 12M, peak: 12M
current process commit charge ("private bytes"): 60M, peak: 184M

vm_info: OpenJDK 64-Bit Server VM (17.0.9+0--11185874) for windows-amd64 JRE (17.0.9+0--11185874), built on Dec  6 2023 18:57:44 by "androidbuild" with MS VC++ 16.10 / 16.11 (VS2019)

END.
